Traceback (most recent call last):
  File "/opt/homebrew/bin/uvicorn", line 8, in <module>
    sys.exit(main())
  File "/opt/homebrew/lib/python3.10/site-packages/click/core.py", line 1514, in __call__
    return self.main(*args, **kwargs)
  File "/opt/homebrew/lib/python3.10/site-packages/click/core.py", line 1435, in main
    rv = self.invoke(ctx)
  File "/opt/homebrew/lib/python3.10/site-packages/click/core.py", line 1298, in invoke
    return ctx.invoke(self.callback, **ctx.params)
  File "/opt/homebrew/lib/python3.10/site-packages/click/core.py", line 853, in invoke
    return callback(*args, **kwargs)
  File "/opt/homebrew/lib/python3.10/site-packages/uvicorn/main.py", line 410, in main
    run(
  File "/opt/homebrew/lib/python3.10/site-packages/uvicorn/main.py", line 577, in run
    server.run()
  File "/opt/homebrew/lib/python3.10/site-packages/uvicorn/server.py", line 65, in run
    return asyncio.run(self.serve(sockets=sockets))
  File "/opt/homebrew/Cellar/python@3.10/3.10.16/Frameworks/Python.framework/Versions/3.10/lib/python3.10/asyncio/runners.py", line 44, in run
    return loop.run_until_complete(main)
  File "uvloop/loop.pyx", line 1517, in uvloop.loop.Loop.run_until_complete
  File "/opt/homebrew/lib/python3.10/site-packages/uvicorn/server.py", line 69, in serve
    await self._serve(sockets)
  File "/opt/homebrew/lib/python3.10/site-packages/uvicorn/server.py", line 76, in _serve
    config.load()
  File "/opt/homebrew/lib/python3.10/site-packages/uvicorn/config.py", line 434, in load
    self.loaded_app = import_from_string(self.app)
  File "/opt/homebrew/lib/python3.10/site-packages/uvicorn/importer.py", line 22, in import_from_string
    raise exc from None
  File "/opt/homebrew/lib/python3.10/site-packages/uvicorn/importer.py", line 19, in import_from_string
    module = importlib.import_module(module_str)
  File "/opt/homebrew/Cellar/python@3.10/3.10.16/Frameworks/Python.framework/Versions/3.10/lib/python3.10/importlib/__init__.py", line 126, in import_module
    return _bootstrap._gcd_import(name[level:], package, level)
  File "<frozen importlib._bootstrap>", line 1050, in _gcd_import
  File "<frozen importlib._bootstrap>", line 1027, in _find_and_load
  File "<frozen importlib._bootstrap>", line 992, in _find_and_load_unlocked
  File "<frozen importlib._bootstrap>", line 241, in _call_with_frames_removed
  File "<frozen importlib._bootstrap>", line 1050, in _gcd_import
  File "<frozen importlib._bootstrap>", line 1027, in _find_and_load
  File "<frozen importlib._bootstrap>", line 992, in _find_and_load_unlocked
  File "<frozen importlib._bootstrap>", line 241, in _call_with_frames_removed
  File "<frozen importlib._bootstrap>", line 1050, in _gcd_import
  File "<frozen importlib._bootstrap>", line 1027, in _find_and_load
  File "<frozen importlib._bootstrap>", line 992, in _find_and_load_unlocked
  File "<frozen importlib._bootstrap>", line 241, in _call_with_frames_removed
  File "<frozen importlib._bootstrap>", line 1050, in _gcd_import
  File "<frozen importlib._bootstrap>", line 1027, in _find_and_load
  File "<frozen importlib._bootstrap>", line 1004, in _find_and_load_unlocked
ModuleNotFoundError: No module named 'AskMyNotes'
